QUERY: SELECT COUNT(*)
           FROM `tickets_events`
           
error: Table 'zal.tickets_events' doesn't exist
the error in file:E:\OpenServer\domains\easyphp.loc\zal\controllers\home.php
on the line: 4
date: 2017-12-17 17-25-18
=======================================================

QUERY: INSERT INTO `tickets2events` SET
                      `ticket_id`        = '1'
                      `event_id`= 6
           
error: You have an error in your SQL syntax; check the manual that corresponds to your MySQL server version for the right syntax to use near '`event_id`= 6' at line 3
the error in file:E:\OpenServer\domains\easyphp.loc\zal\controllers\kassa.php
on the line: 12
date: 2017-12-17 18-11-16
=======================================================

QUERY: INSERT INTO `tickets2events` SET
                      `ticket_id`        = '1'
                      `event_id`= '6'
           
error: You have an error in your SQL syntax; check the manual that corresponds to your MySQL server version for the right syntax to use near '`event_id`= '6'' at line 3
the error in file:E:\OpenServer\domains\easyphp.loc\zal\controllers\kassa.php
on the line: 12
date: 2017-12-17 18-11-37
=======================================================

QUERY: INSERT INTO `tickets2_events` SET
                      `ticket_id`        = '1'
                      `event_id`= '6'
           
error: You have an error in your SQL syntax; check the manual that corresponds to your MySQL server version for the right syntax to use near '`event_id`= '6'' at line 3
the error in file:E:\OpenServer\domains\easyphp.loc\zal\controllers\kassa.php
on the line: 12
date: 2017-12-17 18-12-46
=======================================================

QUERY: INSERT INTO `tickets2_events` SET
                      `ticket_id`        = '1'
                      `event_id`= '.6.'
           
error: You have an error in your SQL syntax; check the manual that corresponds to your MySQL server version for the right syntax to use near '`event_id`= '.6.'' at line 3
the error in file:E:\OpenServer\domains\easyphp.loc\zal\controllers\kassa.php
on the line: 12
date: 2017-12-17 18-13-21
=======================================================

QUERY: INSERT INTO `zakaz` SET
                 `user_id`        = '82',
                 `ticket_id` IN  7,8,
                 `event_id`= 5
                  
error: You have an error in your SQL syntax; check the manual that corresponds to your MySQL server version for the right syntax to use near 'IN  7,8,
                 `event_id`= 5' at line 3
the error in file:E:\OpenServer\domains\easyphp.loc\zal\controllers\kassa.php
on the line: 72
date: 2017-12-18 01-50-51
=======================================================

QUERY: INSERT INTO `zakaz` SET
                 `user_id`        = '82',
                 `ticket_id` IN  (9,10),
                 `event_id`= 5
                  
error: You have an error in your SQL syntax; check the manual that corresponds to your MySQL server version for the right syntax to use near 'IN  (9,10),
                 `event_id`= 5' at line 3
the error in file:E:\OpenServer\domains\easyphp.loc\zal\controllers\kassa.php
on the line: 72
date: 2017-12-18 01-51-51
=======================================================

QUERY: INSERT INTO `zakaz` SET
                 `user_id`        = '82',
                 `ticket_id` =  (11,12),
                 `event_id`= 5
                  
error: Operand should contain 1 column(s)
the error in file:E:\OpenServer\domains\easyphp.loc\zal\controllers\kassa.php
on the line: 72
date: 2017-12-18 01-52-55
=======================================================

QUERY: 
                INSERT INTO `zakaz` (`user_id`,`ticket_id` ,`event_id`)
                VALUES (,7,6)
            
error: You have an error in your SQL syntax; check the manual that corresponds to your MySQL server version for the right syntax to use near '7,6)' at line 2
the error in file:E:\OpenServer\domains\easyphp.loc\zal\controllers\kassa.php
on the line: 109
date: 2017-12-18 15-07-01
=======================================================

QUERY: 
        SELECT *,(
         SELECT COUNT(*) FROM `zakaz`
        ) as `cnt`
        FROM `events` 
        ORDER BY `id` DESC 
        WHERE `user_id`  =  0
        
error: You have an error in your SQL syntax; check the manual that corresponds to your MySQL server version for the right syntax to use near 'WHERE `user_id`  =  0' at line 6
the error in file:E:\OpenServer\domains\easyphp.loc\zal\controllers\zakaz.php
on the line: 10
date: 2017-12-18 15-50-43
=======================================================

QUERY: 
        SELECT *,(
         SELECT COUNT(*) FROM `zakaz`
        ) as `cnt`
        FROM `events` 
        ORDER BY `id` DESC 
        WHERE `user_id`  =  82
        
error: You have an error in your SQL syntax; check the manual that corresponds to your MySQL server version for the right syntax to use near 'WHERE `user_id`  =  82' at line 6
the error in file:E:\OpenServer\domains\easyphp.loc\zal\controllers\zakaz.php
on the line: 10
date: 2017-12-18 15-50-58
=======================================================

QUERY: 
        SELECT *,(
         SELECT COUNT(*) FROM `zakaz`
        ) as `cnt`
        FROM `zakaz` 
        ORDER BY `id` DESC 
        WHERE `user_id`  =  82
        
error: You have an error in your SQL syntax; check the manual that corresponds to your MySQL server version for the right syntax to use near 'WHERE `user_id`  =  82' at line 6
the error in file:E:\OpenServer\domains\easyphp.loc\zal\controllers\zakaz.php
on the line: 10
date: 2017-12-18 15-51-54
=======================================================

QUERY: INSERT INTO `zakaz` (`user_id`,`ticket_id` ,`event_id`,`data_zakaz`)
                   VALUES (82,5,4,1513606889)
                  
error: Unknown column 'data_zakaz' in 'field list'
the error in file:E:\OpenServer\domains\easyphp.loc\zal\controllers\kassa.php
on the line: 62
date: 2017-12-18 17-21-29
=======================================================

QUERY: INSERT INTO `zakaz` (`user_id`,`ticket_id` ,`event_id`,`data_zakaz`)
                   VALUES (82,7,4,  NOW()  )
                  
error: Out of range value for column 'data_zakaz' at row 1
the error in file:E:\OpenServer\domains\easyphp.loc\zal\controllers\kassa.php
on the line: 62
date: 2017-12-19 12-46-05
=======================================================

QUERY: 
        SELECT  `user_id`,`event_id`,`row`,`place`,`category_name`,`name`, `date_start`,`zakaz_id`,DATE_FORMAT( date_zakaz,  '%d %M %Y %T'  ),`price`,
        ( SELECT COUNT(*) FROM `zakaz`) as `cnt`
        FROM `zakaz`
        LEFT JOIN `tickets` ON `tickets`.`id` = `zakaz`.`ticket_id`
        LEFT JOIN `events` ON `events`.`id` = `zakaz`.`event_id`
        LEFT JOIN `tickets_category` ON `tickets_category`.`id` = `tickets`.`category_id`
        WHERE `user_id`  =  82
         ORDER BY `zakaz_id` DESC
        
error: Unknown column 'date_zakaz' in 'field list'
the error in file:E:\OpenServer\domains\easyphp.loc\zal\controllers\zakaz.php
on the line: 11
date: 2017-12-19 16-49-57
=======================================================

QUERY: 
        SELECT  `user_id`,`event_id`,`row`,`place`,`category_name`,`name`, `date_start`,`zakaz_id`,DATE_FORMAT( date,  '%d %M %Y %T'  ),`price`,
        ( SELECT COUNT(*) FROM `zakaz`) as `cnt`
        FROM `zakaz`
        LEFT JOIN `tickets` ON `tickets`.`id` = `zakaz`.`ticket_id`
        LEFT JOIN `events` ON `events`.`id` = `zakaz`.`event_id`
        LEFT JOIN `tickets_category` ON `tickets_category`.`id` = `tickets`.`category_id`
        WHERE `user_id`  =  82
         ORDER BY `zakaz_id` DESC
        
error: Unknown column 'date' in 'field list'
the error in file:E:\OpenServer\domains\easyphp.loc\zal\controllers\zakaz.php
on the line: 11
date: 2017-12-19 16-50-23
=======================================================

QUERY: 
        SELECT  `user_id`,`event_id`,`row`,`place`,`category_name`,`name`, `date_start`,`zakaz_id`, `date_zakaz`,DATE_FORMAT( date,  '%d %M %Y %T'  ),`price`,
        ( SELECT COUNT(*) FROM `zakaz`) as `cnt`
        FROM `zakaz`
        LEFT JOIN `tickets` ON `tickets`.`id` = `zakaz`.`ticket_id`
        LEFT JOIN `events` ON `events`.`id` = `zakaz`.`event_id`
        LEFT JOIN `tickets_category` ON `tickets_category`.`id` = `tickets`.`category_id`
        WHERE `user_id`  =  82
         ORDER BY `zakaz_id` DESC
        
error: Unknown column 'date_zakaz' in 'field list'
the error in file:E:\OpenServer\domains\easyphp.loc\zal\controllers\zakaz.php
on the line: 11
date: 2017-12-19 16-50-43
=======================================================

QUERY: 
        SELECT  `user_id`,`event_id`,`row`,`place`,`category_name`,`name`, `date_start`,`zakaz_id`, `date_zakaz`,`price`,
        ( SELECT COUNT(*) FROM `zakaz`) as `cnt`
        FROM `zakaz`
        LEFT JOIN `tickets` ON `tickets`.`id` = `zakaz`.`ticket_id`
        LEFT JOIN `events` ON `events`.`id` = `zakaz`.`event_id`
        LEFT JOIN `tickets_category` ON `tickets_category`.`id` = `tickets`.`category_id`
        WHERE `user_id`  =  82
         ORDER BY `zakaz_id` DESC
        
error: Unknown column 'date_zakaz' in 'field list'
the error in file:E:\OpenServer\domains\easyphp.loc\zal\controllers\zakaz.php
on the line: 11
date: 2017-12-19 16-50-56
=======================================================

QUERY: SELECT `ticket_id`,`category_id`,`row`,`place`,`ticket_status`,`price`,`limit_ticket`
              FROM `tickets`
              LEFT JOIN `tickets2_events` ON `tickets2_events`.`ticket_id` = `tickets`.`id`
              LEFT JOIN `events` ON `events`.`id` = `tickets2_events`.`event_id`
              LEFT JOIN `tickets_category` ON `tickets_category`.`id` = `tickets`.`category_id`
              WHERE `event_id`='4'
              
error: Column 'ticket_id' in field list is ambiguous
the error in file:E:\OpenServer\domains\easyphp.loc\zal\controllers\kassa.php
on the line: 24
date: 2017-12-20 00-35-25
=======================================================

QUERY: SELECT `ticket_id`,`category_id`,`row`,`place`,`ticket_status`,`price`,`limit_ticket`
              FROM `tickets`
              LEFT JOIN `tickets2_events` ON `tickets2_events`.`ticket_id` = `tickets`.`ticket_id`
              LEFT JOIN `events` ON `events`.`id` = `tickets2_events`.`event_id`
              LEFT JOIN `tickets_category` ON `tickets_category`.`id` = `tickets`.`category_id`
              WHERE `event_id`='4'
              
error: Column 'ticket_id' in field list is ambiguous
the error in file:E:\OpenServer\domains\easyphp.loc\zal\controllers\kassa.php
on the line: 24
date: 2017-12-20 00-36-39
=======================================================

QUERY: SELECT `ticket_id`,`category_id`,`row`,`place`,`ticket_status`,`price`,`limit_ticket`
              FROM `tickets`
              LEFT JOIN `tickets2_events` ON `tickets2_events`.`ticket_id` = `tickets`.`id`
              LEFT JOIN `events` ON `events`.`id` = `tickets2_events`.`event_id`
              LEFT JOIN `tickets_category` ON `tickets_category`.`id` = `tickets`.`category_id`
              WHERE `event_id`='4'
              
error: Unknown column 'tickets.id' in 'on clause'
the error in file:E:\OpenServer\domains\easyphp.loc\zal\controllers\kassa.php
on the line: 24
date: 2017-12-20 00-37-33
=======================================================

QUERY: 
        SELECT  `user_id`,`event_id`,`row`,`place`,`category_name`,`name`, DATE_FORMAT( date_start,  '%d %M %Y %T'  ) as date_start,`zakaz_id` ,DATE_FORMAT( data_zakaz,  '%d %M %Y '  ) as data_zakaz,`price`,
        ( SELECT COUNT(*) FROM `zakaz`) as `cnt`
        FROM `zakaz`
        LEFT JOIN `tickets` ON `tickets`.`id` = `zakaz`.`ticket_id`
        LEFT JOIN `events` ON `events`.`id` = `zakaz`.`event_id`
        LEFT JOIN `tickets_category` ON `tickets_category`.`id` = `tickets`.`category_id`
        WHERE `user_id`  =  82
         ORDER BY `zakaz_id` DESC
        
error: Unknown column 'tickets.id' in 'on clause'
the error in file:E:\OpenServer\domains\easyphp.loc\zal\controllers\zakaz.php
on the line: 12
date: 2017-12-20 00-37-54
=======================================================

QUERY: SELECT `id`,`limit_ticket`,GROUP_CONCAT(`tickets`.`tick_id`)as tick_numbers
                        FROM `tickets_category`
                        JOIN `tickets` ON `tickets`.`category_id` = `tickets_category`.`id`
                        GROUP BY `tickets_category`.`id`
                         WHERE `tick_id` IN (3,7,8,20,10,12)
                        
error: You have an error in your SQL syntax; check the manual that corresponds to your MySQL server version for the right syntax to use near 'WHERE `tick_id` IN (3,7,8,20,10,12)' at line 5
the error in file:E:\OpenServer\domains\easyphp.loc\zal\controllers\kassa.php
on the line: 85
date: 2017-12-20 01-52-44
=======================================================

QUERY: SELECT * 
                        FROM `zakaz`
                         JOIN `tickets` ON `tickets`.`category_id` = `tickets_category`.`id`
                        WHERE `user_id`=82
                        AND `event_id`=5 
                        
                        
error: Unknown column 'tickets_category.id' in 'on clause'
the error in file:E:\OpenServer\domains\easyphp.loc\zal\controllers\kassa.php
on the line: 73
date: 2017-12-20 23-19-37
=======================================================

QUERY: SELECT * 
                        FROM `zakaz`
                        LEFT JOIN `tickets` ON `tickets`.`category_id` = `tickets_category`.`id`
                        WHERE `user_id`=82
                        AND `event_id`=5 
                        
                        
error: Unknown column 'tickets_category.id' in 'on clause'
the error in file:E:\OpenServer\domains\easyphp.loc\zal\controllers\kassa.php
on the line: 73
date: 2017-12-20 23-22-25
=======================================================

QUERY: SELECT * 
                        FROM `zakaz`
                        LEFT JOIN `tickets` ON `tickets`.`category_id` = `tickets_category`.`id`
                        WHERE `user_id`=82
                        AND `event_id`=5 
                        
                        
error: Unknown column 'tickets_category.id' in 'on clause'
the error in file:E:\OpenServer\domains\easyphp.loc\zal\controllers\kassa.php
on the line: 73
date: 2017-12-20 23-25-41
=======================================================

QUERY: SELECT * ,GROUP_CONCAT(`tickets`.`tick_id`)as tick_numbers
                        FROM `zakaz`
                        LEFT JOIN `tickets` ON `tickets`.`tick_id` = `zakaz`.`ticket_id`
                        WHERE `user_id`=82
                        AND `event_id`=5 
                        GROUP BY `tickets_category`.`id`
                        
                        
error: Unknown column 'tickets_category.id' in 'group statement'
the error in file:E:\OpenServer\domains\easyphp.loc\zal\controllers\kassa.php
on the line: 81
date: 2017-12-21 00-40-13
=======================================================

QUERY: UPDATE `tickets2_events` SET
          `ticket_status`        = 0
          WHERE `ticket_id`= 
         
error: You have an error in your SQL syntax; check the manual that corresponds to your MySQL server version for the right syntax to use near '' at line 3
the error in file:E:\OpenServer\domains\easyphp.loc\zal\controllers\zakaz.php
on the line: 34
date: 2017-12-21 15-53-37
=======================================================

QUERY: 
        SELECT `address` FROM `user` 
        WHERE `id`=67
        ORDER BY `id` DESC 
        
        
error: Unknown column 'id' in 'where clause'
the error in file:E:\OpenServer\domains\easyphp.loc\marks\controllers\home.php
on the line: 22
date: 2017-12-28 08-35-46
=======================================================

QUERY: 
        SELECT `address` FROM `user` 
        WHERE `user_id`=67
        ORDER BY `id` DESC 
        
        
error: Unknown column 'id' in 'order clause'
the error in file:E:\OpenServer\domains\easyphp.loc\marks\controllers\home.php
on the line: 22
date: 2017-12-28 08-36-03
=======================================================

QUERY: INSERT INTO `user` 
`lat`=
`ing`=,
          WHERE `user_id`=67
         
error: You have an error in your SQL syntax; check the manual that corresponds to your MySQL server version for the right syntax to use near '`lat`=
`ing`=,
          WHERE `user_id`=67' at line 2
the error in file:E:\OpenServer\domains\easyphp.loc\marks\controllers\home.php
on the line: 38
date: 2017-12-28 14-28-06
=======================================================

QUERY: INSERT INTO `user` SET
            `lat`=55.7536207
            `ing`=37.6225599,
              WHERE `user_id`=67
              
error: You have an error in your SQL syntax; check the manual that corresponds to your MySQL server version for the right syntax to use near 'WHERE `user_id`=67' at line 4
the error in file:E:\OpenServer\domains\easyphp.loc\marks\controllers\home.php
on the line: 38
date: 2017-12-28 14-29-33
=======================================================

QUERY: INSERT INTO `user` SET
            `lat`=,
            `ing`=
              WHERE `user_id`=67
              
error: You have an error in your SQL syntax; check the manual that corresponds to your MySQL server version for the right syntax to use near '=,
            `ing`=
              WHERE `user_id`=67' at line 2
the error in file:E:\OpenServer\domains\easyphp.loc\marks\controllers\home.php
on the line: 38
date: 2017-12-28 14-29-59
=======================================================

QUERY: INSERT INTO `user` SET
            `lat`=55.7536207,
            `ing`=37.6225599
              WHERE `user_id`=67
              
error: You have an error in your SQL syntax; check the manual that corresponds to your MySQL server version for the right syntax to use near '
            `ing`=37.6225599
              WHERE `user_id`=67' at line 2
the error in file:E:\OpenServer\domains\easyphp.loc\marks\controllers\home.php
on the line: 38
date: 2017-12-28 14-30-06
=======================================================

QUERY: INSERT INTO `user` SET
            `lat`=' . 55.7536207 . ',
            `ing`=' . 37.6225599 . '
              WHERE `user_id`=67
              
error: You have an error in your SQL syntax; check the manual that corresponds to your MySQL server version for the right syntax to use near 'WHERE `user_id`=67' at line 4
the error in file:E:\OpenServer\domains\easyphp.loc\marks\controllers\home.php
on the line: 38
date: 2017-12-28 14-31-51
=======================================================

QUERY: INSERT INTO `user` SET
            `lat`=' . 55.7536207 . ',
            `ing`=' . 37.6225599 . '
              WHERE `user_id`=67
              
error: You have an error in your SQL syntax; check the manual that corresponds to your MySQL server version for the right syntax to use near 'WHERE `user_id`=67' at line 4
the error in file:E:\OpenServer\domains\easyphp.loc\marks\controllers\home.php
on the line: 38
date: 2017-12-28 14-31-53
=======================================================

QUERY: INSERT INTO `user` SET
            `lat`=' . 55.7536207 . ',
            `ing`=' . 37.6225599 . '
              WHERE `user_id`=67
              
error: You have an error in your SQL syntax; check the manual that corresponds to your MySQL server version for the right syntax to use near 'WHERE `user_id`=67' at line 4
the error in file:E:\OpenServer\domains\easyphp.loc\marks\controllers\home.php
on the line: 38
date: 2017-12-28 14-32-26
=======================================================

QUERY: INSERT INTO `user` SET
            `lat`='',
            `ing`=''
              WHERE `user_id`=67
              
error: You have an error in your SQL syntax; check the manual that corresponds to your MySQL server version for the right syntax to use near 'WHERE `user_id`=67' at line 4
the error in file:E:\OpenServer\domains\easyphp.loc\marks\controllers\home.php
on the line: 38
date: 2017-12-28 14-33-39
=======================================================

QUERY: INSERT INTO `user` SET
            `lat`='55.7536207',
            `ing`='37.6225599'
              WHERE `user_id`=67
              
error: You have an error in your SQL syntax; check the manual that corresponds to your MySQL server version for the right syntax to use near 'WHERE `user_id`=67' at line 4
the error in file:E:\OpenServer\domains\easyphp.loc\marks\controllers\home.php
on the line: 38
date: 2017-12-28 14-33-44
=======================================================

QUERY: INSERT INTO `user` SET
            `lat`='',
            `lng`=''
              WHERE `user_id`=67
              
error: You have an error in your SQL syntax; check the manual that corresponds to your MySQL server version for the right syntax to use near 'WHERE `user_id`=67' at line 4
the error in file:E:\OpenServer\domains\easyphp.loc\marks\controllers\home.php
on the line: 39
date: 2017-12-28 14-34-32
=======================================================

QUERY: INSERT INTO `user` SET
            `lat`='55.7536207',
            `lng`='37.6225599'
              WHERE `user_id`=67
              
error: You have an error in your SQL syntax; check the manual that corresponds to your MySQL server version for the right syntax to use near 'WHERE `user_id`=67' at line 4
the error in file:E:\OpenServer\domains\easyphp.loc\marks\controllers\home.php
on the line: 39
date: 2017-12-28 14-34-37
=======================================================

QUERY: INSERT INTO `user` SET
            `lat`='',
            `lng`=''
              WHERE `user_id`=67
              
error: You have an error in your SQL syntax; check the manual that corresponds to your MySQL server version for the right syntax to use near 'WHERE `user_id`=67' at line 4
the error in file:E:\OpenServer\domains\easyphp.loc\marks\controllers\home.php
on the line: 39
date: 2017-12-28 14-38-53
=======================================================

QUERY: INSERT INTO `user` SET
            `lat`='55.7536207',
            `lng`='37.6225599'
              WHERE `user_id`=67
              
error: You have an error in your SQL syntax; check the manual that corresponds to your MySQL server version for the right syntax to use near 'WHERE `user_id`=67' at line 4
the error in file:E:\OpenServer\domains\easyphp.loc\marks\controllers\home.php
on the line: 39
date: 2017-12-28 14-39-25
=======================================================

QUERY: UPDATE `user` SET
            `lat`='',
            `lng`=''
              WHERE `user_id`=67
              
error: Data truncated for column 'lat' at row 1
the error in file:E:\OpenServer\domains\easyphp.loc\marks\controllers\home.php
on the line: 39
date: 2017-12-28 14-40-12
=======================================================

QUERY: UPDATE `user` SET
            `lat`='',
            `lng`=''
              WHERE `user_id`=67
              
error: Data truncated for column 'lat' at row 1
the error in file:E:\OpenServer\domains\easyphp.loc\marks\controllers\home.php
on the line: 39
date: 2017-12-28 14-41-22
=======================================================

QUERY: UPDATE `user` SET
            `lat`='',
            `lng`=''
              WHERE `user_id`=67
              
error: Data truncated for column 'lat' at row 1
the error in file:E:\OpenServer\domains\easyphp.loc\marks\controllers\home.php
on the line: 39
date: 2017-12-28 14-41-48
=======================================================

QUERY: UPDATE `user` SET
            `lat`='',
            `lng`=''
              WHERE `user_id`=67
              
error: Data truncated for column 'lat' at row 1
the error in file:E:\OpenServer\domains\easyphp.loc\marks\controllers\home.php
on the line: 39
date: 2017-12-28 14-41-50
=======================================================

QUERY: UPDATE `user` SET
            `lat`='',
            `lng`=''
              WHERE `user_id`=67
              
error: Data truncated for column 'lat' at row 1
the error in file:E:\OpenServer\domains\easyphp.loc\marks\controllers\home.php
on the line: 39
date: 2017-12-28 14-41-59
=======================================================

QUERY: UPDATE `user` SET
            `lat`='',
            `lng`=''
              WHERE `user_id`=67
              
error: Data truncated for column 'lat' at row 1
the error in file:E:\OpenServer\domains\easyphp.loc\marks\controllers\home.php
on the line: 39
date: 2017-12-28 14-42-02
=======================================================

QUERY: UPDATE `user` SET
            `lat`='',
            `lng`=''
              WHERE `user_id`=67
              
error: Data truncated for column 'lat' at row 1
the error in file:E:\OpenServer\domains\easyphp.loc\marks\controllers\home.php
on the line: 39
date: 2017-12-28 14-42-09
=======================================================

QUERY: UPDATE `user` SET
            `lat`='50.44807',
            `lng`='30.5222137'
              WHERE `user_id`=67
              
error: Data truncated for column 'lat' at row 1
the error in file:E:\OpenServer\domains\easyphp.loc\marks\controllers\home.php
on the line: 26
date: 2017-12-28 16-30-29
=======================================================

QUERY: UPDATE `user` SET
            `lat`='50.44807',
            `lng`='30.5222137'
              WHERE `user_id`=67
              
error: Data truncated for column 'lat' at row 1
the error in file:E:\OpenServer\domains\easyphp.loc\marks\controllers\home.php
on the line: 26
date: 2017-12-28 16-30-57
=======================================================

QUERY: UPDATE `user` SET
            `lat`='50.44807',
            `lng`='30.5222137'
              WHERE `user_id`=67
              
error: Data truncated for column 'lat' at row 1
the error in file:E:\OpenServer\domains\easyphp.loc\marks\controllers\home.php
on the line: 26
date: 2017-12-28 16-31-00
=======================================================

QUERY: UPDATE `user` SET
            `lat`='50.44807',
            `lng`='30.5222137'
              WHERE `user_id`=67
              
error: Data truncated for column 'lat' at row 1
the error in file:E:\OpenServer\domains\easyphp.loc\marks\controllers\home.php
on the line: 26
date: 2017-12-28 16-31-42
=======================================================

QUERY: UPDATE `user` SET
            `lat`='50.4582884',
            `lng`='30.4021347'
              WHERE `user_id`=67
              
error: Data truncated for column 'lat' at row 1
the error in file:E:\OpenServer\domains\easyphp.loc\marks\controllers\home.php
on the line: 26
date: 2017-12-28 16-32-40
=======================================================

QUERY: UPDATE `user` SET
            `lat`='50.4582884',
            `lng`='30.4021347'
              WHERE `user_id`=67
              
error: Data truncated for column 'lat' at row 1
the error in file:E:\OpenServer\domains\easyphp.loc\marks\controllers\home.php
on the line: 26
date: 2017-12-28 16-32-46
=======================================================

QUERY: UPDATE `user` SET
            `lat`='50.4582884',
            `lng`='30.4021347'
              WHERE `user_id`=67
              
error: Data truncated for column 'lat' at row 1
the error in file:E:\OpenServer\domains\easyphp.loc\marks\controllers\home.php
on the line: 26
date: 2017-12-28 17-00-03
=======================================================

QUERY: UPDATE `user` SET
            `lat`='50.4582884',
            `lng`='30.4021347'
              WHERE `user_id`=67
              
error: Data truncated for column 'lat' at row 1
the error in file:E:\OpenServer\domains\easyphp.loc\marks\controllers\home.php
on the line: 26
date: 2017-12-28 17-02-39
=======================================================

QUERY: UPDATE `user` SET
            `lat`='50.4582884',
            `lng`='30.4021347'
              WHERE `user_id`=67
              
error: Data truncated for column 'lat' at row 1
the error in file:E:\OpenServer\domains\easyphp.loc\marks\controllers\home.php
on the line: 26
date: 2017-12-28 17-03-10
=======================================================

QUERY: UPDATE `user` SET
            `lat`='50.4582884',
            `lng`='30.4021347'
              WHERE `user_id`=67
              
error: Data truncated for column 'lat' at row 1
the error in file:E:\OpenServer\domains\easyphp.loc\marks\controllers\home.php
on the line: 26
date: 2017-12-28 17-05-34
=======================================================

QUERY: UPDATE `user` SET
            `lat`='50.4582884',
            `lng`='30.4021347',
            `address`='Peremohy Ave, Kyiv, Ukraine'
              WHERE `user_id`=67
              
error: Data truncated for column 'lat' at row 1
the error in file:E:\OpenServer\domains\easyphp.loc\marks\controllers\home.php
on the line: 27
date: 2017-12-28 17-06-23
=======================================================

QUERY: UPDATE `user` SET
            `lat`='50.4582884',
            `lng`='30.4021347',
            `address`='Peremohy Ave, Kyiv, Ukraine'
              WHERE `user_id`=67
              
error: Data truncated for column 'lat' at row 1
the error in file:E:\OpenServer\domains\easyphp.loc\marks\controllers\home.php
on the line: 27
date: 2017-12-28 17-09-18
=======================================================

QUERY: UPDATE `user` SET
            `lat`='50.4582884',
            `lng`='30.4021347',
            `address`='Peremohy Ave, Kyiv, Ukraine'
              WHERE `user_id`=67
              
error: Data truncated for column 'lat' at row 1
the error in file:E:\OpenServer\domains\easyphp.loc\marks\controllers\home.php
on the line: 27
date: 2017-12-28 17-09-22
=======================================================

QUERY: UPDATE `user` SET
            `lat`='50.4582884',
            `lng`='30.4021347',
            `address`='Peremohy Ave, Kyiv, Ukraine'
              WHERE `user_id`=67
              
error: Data truncated for column 'lat' at row 1
the error in file:E:\OpenServer\domains\easyphp.loc\marks\controllers\home.php
on the line: 27
date: 2017-12-28 17-15-17
=======================================================

QUERY: UPDATE `user` SET
            `lat`='50.4582884',
            `lng`='30.4021347',
            `address`='Peremohy Ave, Kyiv, Ukraine'
              WHERE `user_id`=67
              
error: Data truncated for column 'lat' at row 1
the error in file:E:\OpenServer\domains\easyphp.loc\marks\controllers\home.php
on the line: 27
date: 2017-12-28 17-15-48
=======================================================

QUERY: UPDATE `user` SET
            `lat`='50.4582884',
            `lng`='30.4021347',
            `address`='Peremohy Ave, Kyiv, Ukraine'
              WHERE `user_id`=67
              
error: Data truncated for column 'lat' at row 1
the error in file:E:\OpenServer\domains\easyphp.loc\marks\controllers\home.php
on the line: 27
date: 2017-12-28 17-19-20
=======================================================

QUERY: UPDATE `user` SET
            `lat`='50.4582884',
            `lng`='30.4021347',
            `address`='Peremohy Ave, Kyiv, Ukraine'
              WHERE `user_id`=67
              
error: Data truncated for column 'lat' at row 1
the error in file:E:\OpenServer\domains\easyphp.loc\marks\controllers\home.php
on the line: 27
date: 2017-12-28 17-23-13
=======================================================

QUERY: UPDATE `user` SET
            `lat`='50.4582884',
            `lng`='30.4021347',
            `address`='Peremohy Ave, Kyiv, Ukraine'
              WHERE `user_id`=67
              
error: Data truncated for column 'lat' at row 1
the error in file:E:\OpenServer\domains\easyphp.loc\marks\controllers\home.php
on the line: 27
date: 2017-12-28 17-26-56
=======================================================

QUERY: UPDATE `user` SET
            `lat`='50.4582884',
            `lng`='30.4021347',
            `address`='Peremohy Ave, Kyiv, Ukraine'
              WHERE `user_id`=67
              
error: Data truncated for column 'lat' at row 1
the error in file:E:\OpenServer\domains\easyphp.loc\marks\controllers\home.php
on the line: 27
date: 2017-12-28 17-26-59
=======================================================

QUERY: UPDATE `user` SET
            `lat`='50.4582884',
            `lng`='30.4021347',
            `address`='Peremohy Ave, Kyiv, Ukraine'
              WHERE `user_id`=67
              
error: Data truncated for column 'lat' at row 1
the error in file:E:\OpenServer\domains\easyphp.loc\marks\controllers\home.php
on the line: 27
date: 2017-12-28 17-26-59
=======================================================

QUERY: UPDATE `user` SET
            `lat`='50.4582884',
            `lng`='30.4021347',
            `address`='Peremohy Ave, Kyiv, Ukraine'
              WHERE `user_id`=68
              
error: Data truncated for column 'lat' at row 1
the error in file:E:\OpenServer\domains\easyphp.loc\marks\controllers\home.php
on the line: 27
date: 2017-12-28 17-27-31
=======================================================

QUERY: UPDATE `user` SET
            `lat`='50.4582884',
            `lng`='30.4021347',
            `address`='Peremohy Ave, Kyiv, Ukraine'
              WHERE `user_id`=68
              
error: Data truncated for column 'lng' at row 1
the error in file:E:\OpenServer\domains\easyphp.loc\marks\controllers\home.php
on the line: 27
date: 2017-12-28 17-29-28
=======================================================

QUERY: SELECT `address_form`,`lat`,`ing` FROM `user` 
         
         
error: Unknown column 'ing' in 'field list'
the error in file:E:\OpenServer\domains\easyphp.loc\marks\controllers\home.php
on the line: 36
date: 2017-12-29 10-06-39
=======================================================

QUERY: INSERT INTO `user` SET
           `user_name`  ='lorik',
           `password`   ='CBPQic0Yg0a62',
           `email`      ='kk@gmail.com',
           `hash`       ='CBFl19Iq3J9o.' 
         
            
error: Field 'address' doesn't have a default value
the error in file:E:\OpenServer\domains\easyphp.loc\marks\controllers\reg.php
on the line: 91
date: 2017-12-29 15-12-32
=======================================================

QUERY: INSERT INTO `user` SET
           `user_name`  ='lorik78',
           `password`   ='CBPQic0Yg0a62',
           `email`      ='lorikfbm12@gmail.com',
           `hash`       ='CBdWkMCNILiu.' 
         
            
error: Field 'lat' doesn't have a default value
the error in file:E:\OpenServer\domains\easyphp.loc\marks\controllers\reg.php
on the line: 91
date: 2017-12-29 15-14-59
=======================================================

QUERY: INSERT INTO `user` SET
           `user_name`  ='lorik11',
           `password`   ='CBPQic0Yg0a62',
           `email`      ='lorakirko3335@gmail.com',
           `hash`       ='CBxdqR..7zAe.' 
         
            
error: Field 'lat' doesn't have a default value
the error in file:E:\OpenServer\domains\easyphp.loc\marks\controllers\reg.php
on the line: 91
date: 2017-12-29 15-18-26
=======================================================

QUERY: INSERT INTO `user` SET
           `user_name`  ='lorik11',
           `password`   ='CBPQic0Yg0a62',
           `email`      ='lorakirko3335@gmail.com',
           `hash`       ='CBxdqR..7zAe.' ,
            `lat`='',
            `lng`=''
            
error: Data truncated for column 'lat' at row 1
the error in file:E:\OpenServer\domains\easyphp.loc\marks\controllers\reg.php
on the line: 92
date: 2017-12-29 15-19-45
=======================================================

QUERY: UPDATE `user` SET
            `lat`='',
            `lng`='',
            `address_form`=''
                WHERE `user_id`='86'
              
error: Data truncated for column 'lat' at row 1
the error in file:E:\OpenServer\domains\easyphp.loc\marks\controllers\reg.php
on the line: 115
date: 2017-12-29 15-47-18
=======================================================

QUERY: INSERT INTO `user` SET
           `user_name`  ='lotafgb',
           `password`   ='CBPQic0Yg0a62',
           `email`      ='hhhh@gmail.com',
           `hash`       ='CBaUggozMznN6' ,
           `address`='ул пушкинская харьков'
          /*  `lat`=0,
            `lng`=0*/
            
error: Field 'lat' doesn't have a default value
the error in file:E:\OpenServer\domains\easyphp.loc\marks\controllers\reg.php
on the line: 93
date: 2017-12-29 16-14-50
=======================================================

